{"name": "test_dropdawn_price", "status": "failed", "statusDetails": {"message": "AssertionError: assert '' == 'Сутки — 400 ...и или картой.'\n  \n  - Сутки — 400 рублей. Оплата курьеру — наличными или картой.", "trace": "self = <tests.test_dropdawn.TestDropdawn object at 0x106b1d930>\n\n    def test_dropdawn_price(self):\n        self.driver.get('https://qa-scooter.praktikum-services.ru/')\n        dropdawn = MainPageDropdawnAndButtons(self.driver)\n        dropdawn.click_dropdawn_price()\n>       assert dropdawn.text_price() == 'Сутки — 400 рублей. Оплата курьеру — наличными или картой.'\nE       AssertionError: assert '' == 'Сутки — 400 ...и или картой.'\nE         \nE         - Сутки — 400 рублей. Оплата курьеру — наличными или картой.\n\ntests/test_dropdawn.py:19: AssertionError"}, "start": 1718800968832, "stop": 1718800973321, "uuid": "214d1b18-ec08-4d4d-a268-5700d0e2c04c", "historyId": "24a88fafbfd2d9c6cb8d6f8b90975cbf", "testCaseId": "24a88fafbfd2d9c6cb8d6f8b90975cbf", "fullName": "tests.test_dropdawn.TestDropdawn#test_dropdawn_price", "labels": [{"name": "parentSuite", "value": "tests"}, {"name": "suite", "value": "test_dropdawn"}, {"name": "subSuite", "value": "TestDropdawn"}, {"name": "host", "value": "MacBook-Pro-Ula.local"}, {"name": "thread", "value": "21943-MainThread"}, {"name": "framework", "value": "pytest"}, {"name": "language", "value": "cpython3"}, {"name": "package", "value": "tests.test_dropdawn"}]}